iteration 10 cindex 0.665048
iteration 20 cindex 0.712698
iteration 30 cindex 0.723452
iteration 40 cindex 0.733351
iteration 50 cindex 0.738972
iteration 60 cindex 0.743551
iteration 70 cindex 0.747442
iteration 80 cindex 0.750164
iteration 90 cindex 0.753740
iteration 100 cindex 0.756752
iteration 110 cindex 0.759481
iteration 120 cindex 0.761604
iteration 130 cindex 0.763450
iteration 140 cindex 0.765468
iteration 150 cindex 0.766579
iteration 160 cindex 0.767618
iteration 170 cindex 0.768861
iteration 180 cindex 0.769830
iteration 190 cindex 0.770894
iteration 200 cindex 0.771912
iteration 210 cindex 0.772914
iteration 220 cindex 0.774028
iteration 230 cindex 0.775072
iteration 240 cindex 0.776084
iteration 250 cindex 0.776701
iteration 260 cindex 0.777390
iteration 270 cindex 0.778077
iteration 280 cindex 0.778640
iteration 290 cindex 0.779100
iteration 300 cindex 0.779590
iteration 310 cindex 0.780179
iteration 320 cindex 0.780700
iteration 330 cindex 0.781394
iteration 340 cindex 0.781819
iteration 350 cindex 0.782410
iteration 360 cindex 0.782920
iteration 370 cindex 0.783385
iteration 380 cindex 0.783810
iteration 390 cindex 0.784147
iteration 400 cindex 0.784562
iteration 410 cindex 0.784867
iteration 420 cindex 0.785286
iteration 430 cindex 0.785546
iteration 440 cindex 0.786008
iteration 450 cindex 0.786244
iteration 460 cindex 0.786454
iteration 470 cindex 0.786828
iteration 480 cindex 0.787094
iteration 490 cindex 0.787403
iteration 500 cindex 0.787633
iteration 510 cindex 0.787910
iteration 520 cindex 0.788265
iteration 530 cindex 0.788478
iteration 540 cindex 0.788738
iteration 550 cindex 0.788999
iteration 560 cindex 0.789218
iteration 570 cindex 0.789492
iteration 580 cindex 0.789710
iteration 590 cindex 0.789945
iteration 600 cindex 0.790317
iteration 610 cindex 0.790527
iteration 620 cindex 0.790725
iteration 630 cindex 0.790977
iteration 640 cindex 0.791166
iteration 650 cindex 0.791373
iteration 660 cindex 0.791526
iteration 670 cindex 0.791706
iteration 680 cindex 0.791849
iteration 690 cindex 0.792044
iteration 700 cindex 0.792210
iteration 710 cindex 0.792343
iteration 720 cindex 0.792498
iteration 730 cindex 0.792704
iteration 740 cindex 0.792871
iteration 750 cindex 0.793045
iteration 760 cindex 0.793198
iteration 770 cindex 0.793301
iteration 780 cindex 0.793467
iteration 790 cindex 0.793620
iteration 800 cindex 0.793814
iteration 810 cindex 0.793910
iteration 820 cindex 0.794029
iteration 830 cindex 0.794146
iteration 840 cindex 0.794269
iteration 850 cindex 0.794442
iteration 860 cindex 0.794587
iteration 870 cindex 0.794672
iteration 880 cindex 0.794751
iteration 890 cindex 0.794852
iteration 900 cindex 0.794978
iteration 910 cindex 0.795111
iteration 920 cindex 0.795222
iteration 930 cindex 0.795331
iteration 940 cindex 0.795432
iteration 950 cindex 0.795536
iteration 960 cindex 0.795632
iteration 970 cindex 0.795733
iteration 980 cindex 0.795820
iteration 990 cindex 0.795923
iteration 1000 cindex 0.796029
