iteration 10 cindex 0.599473
iteration 20 cindex 0.613736
iteration 30 cindex 0.620435
iteration 40 cindex 0.629510
iteration 50 cindex 0.636331
iteration 60 cindex 0.640795
iteration 70 cindex 0.644734
iteration 80 cindex 0.646718
iteration 90 cindex 0.649025
iteration 100 cindex 0.651570
iteration 110 cindex 0.653448
iteration 120 cindex 0.655190
iteration 130 cindex 0.657053
iteration 140 cindex 0.658085
iteration 150 cindex 0.659447
iteration 160 cindex 0.660710
iteration 170 cindex 0.661616
iteration 180 cindex 0.662816
iteration 190 cindex 0.663532
iteration 200 cindex 0.664526
iteration 210 cindex 0.664975
iteration 220 cindex 0.665929
iteration 230 cindex 0.666523
iteration 240 cindex 0.667255
iteration 250 cindex 0.667777
iteration 260 cindex 0.668108
iteration 270 cindex 0.668577
iteration 280 cindex 0.668911
iteration 290 cindex 0.669171
iteration 300 cindex 0.669659
iteration 310 cindex 0.670010
iteration 320 cindex 0.670263
iteration 330 cindex 0.670663
iteration 340 cindex 0.671005
iteration 350 cindex 0.671372
iteration 360 cindex 0.671717
iteration 370 cindex 0.672053
iteration 380 cindex 0.672344
iteration 390 cindex 0.672544
iteration 400 cindex 0.672897
iteration 410 cindex 0.673102
iteration 420 cindex 0.673342
iteration 430 cindex 0.673570
iteration 440 cindex 0.673724
iteration 450 cindex 0.673829
iteration 460 cindex 0.673984
iteration 470 cindex 0.674162
iteration 480 cindex 0.674297
iteration 490 cindex 0.674582
iteration 500 cindex 0.674679
iteration 510 cindex 0.674798
iteration 520 cindex 0.674957
iteration 530 cindex 0.675056
iteration 540 cindex 0.675141
iteration 550 cindex 0.675284
iteration 560 cindex 0.675404
iteration 570 cindex 0.675469
iteration 580 cindex 0.675609
iteration 590 cindex 0.675758
iteration 600 cindex 0.675847
iteration 610 cindex 0.675944
iteration 620 cindex 0.676051
iteration 630 cindex 0.676146
iteration 640 cindex 0.676223
iteration 650 cindex 0.676316
iteration 660 cindex 0.676408
iteration 670 cindex 0.676453
iteration 680 cindex 0.676571
iteration 690 cindex 0.676650
iteration 700 cindex 0.676746
iteration 710 cindex 0.676850
iteration 720 cindex 0.676933
iteration 730 cindex 0.677000
iteration 740 cindex 0.677064
iteration 750 cindex 0.677138
iteration 760 cindex 0.677230
iteration 770 cindex 0.677332
iteration 780 cindex 0.677423
iteration 790 cindex 0.677489
iteration 800 cindex 0.677513
iteration 810 cindex 0.677590
iteration 820 cindex 0.677646
iteration 830 cindex 0.677715
iteration 840 cindex 0.677780
iteration 850 cindex 0.677819
iteration 860 cindex 0.677856
iteration 870 cindex 0.677886
iteration 880 cindex 0.677930
iteration 890 cindex 0.677974
iteration 900 cindex 0.678028
iteration 910 cindex 0.678057
iteration 920 cindex 0.678074
iteration 930 cindex 0.678122
iteration 940 cindex 0.678160
iteration 950 cindex 0.678187
iteration 960 cindex 0.678225
iteration 970 cindex 0.678263
iteration 980 cindex 0.678299
iteration 990 cindex 0.678345
iteration 1000 cindex 0.678378
