iteration 10 cindex 0.582403
iteration 20 cindex 0.600193
iteration 30 cindex 0.610256
iteration 40 cindex 0.614779
iteration 50 cindex 0.617327
iteration 60 cindex 0.619535
iteration 70 cindex 0.620268
iteration 80 cindex 0.620678
iteration 90 cindex 0.622787
iteration 100 cindex 0.623639
iteration 110 cindex 0.624076
iteration 120 cindex 0.624121
iteration 130 cindex 0.624237
iteration 140 cindex 0.624534
iteration 150 cindex 0.624784
iteration 160 cindex 0.624829
iteration 170 cindex 0.624522
iteration 180 cindex 0.624152
iteration 190 cindex 0.623832
iteration 200 cindex 0.623480
iteration 210 cindex 0.623320
iteration 220 cindex 0.622994
iteration 230 cindex 0.622490
iteration 240 cindex 0.621807
iteration 250 cindex 0.621427
iteration 260 cindex 0.621105
iteration 270 cindex 0.620923
iteration 280 cindex 0.620178
iteration 290 cindex 0.619787
iteration 300 cindex 0.619199
iteration 310 cindex 0.618602
iteration 320 cindex 0.618095
iteration 330 cindex 0.617646
iteration 340 cindex 0.617191
iteration 350 cindex 0.616777
iteration 360 cindex 0.616500
iteration 370 cindex 0.616170
iteration 380 cindex 0.615850
iteration 390 cindex 0.615546
iteration 400 cindex 0.615246
iteration 410 cindex 0.614993
iteration 420 cindex 0.614697
iteration 430 cindex 0.614561
iteration 440 cindex 0.614299
iteration 450 cindex 0.613996
iteration 460 cindex 0.613763
iteration 470 cindex 0.613632
iteration 480 cindex 0.613467
iteration 490 cindex 0.613236
iteration 500 cindex 0.613104
iteration 510 cindex 0.612901
iteration 520 cindex 0.612675
iteration 530 cindex 0.612510
iteration 540 cindex 0.612349
iteration 550 cindex 0.612220
iteration 560 cindex 0.612088
iteration 570 cindex 0.611976
iteration 580 cindex 0.611786
iteration 590 cindex 0.611684
iteration 600 cindex 0.611460
iteration 610 cindex 0.611318
iteration 620 cindex 0.611098
iteration 630 cindex 0.610934
iteration 640 cindex 0.610684
iteration 650 cindex 0.610527
iteration 660 cindex 0.610283
iteration 670 cindex 0.610176
iteration 680 cindex 0.609912
iteration 690 cindex 0.609742
iteration 700 cindex 0.609588
iteration 710 cindex 0.609371
iteration 720 cindex 0.609217
iteration 730 cindex 0.609020
iteration 740 cindex 0.608781
iteration 750 cindex 0.608552
iteration 760 cindex 0.608339
iteration 770 cindex 0.608172
iteration 780 cindex 0.608039
iteration 790 cindex 0.607919
iteration 800 cindex 0.607792
iteration 810 cindex 0.607661
iteration 820 cindex 0.607530
iteration 830 cindex 0.607465
iteration 840 cindex 0.607409
iteration 850 cindex 0.607255
iteration 860 cindex 0.607150
iteration 870 cindex 0.607024
iteration 880 cindex 0.606935
iteration 890 cindex 0.606866
iteration 900 cindex 0.606778
iteration 910 cindex 0.606697
iteration 920 cindex 0.606609
iteration 930 cindex 0.606510
iteration 940 cindex 0.606382
iteration 950 cindex 0.606297
iteration 960 cindex 0.606157
iteration 970 cindex 0.606105
iteration 980 cindex 0.605952
iteration 990 cindex 0.605811
iteration 1000 cindex 0.605629
