iteration 10 cindex 0.661985
iteration 20 cindex 0.706902
iteration 30 cindex 0.713362
iteration 40 cindex 0.717739
iteration 50 cindex 0.720887
iteration 60 cindex 0.722511
iteration 70 cindex 0.721875
iteration 80 cindex 0.721800
iteration 90 cindex 0.722734
iteration 100 cindex 0.723671
iteration 110 cindex 0.724473
iteration 120 cindex 0.724793
iteration 130 cindex 0.724902
iteration 140 cindex 0.724988
iteration 150 cindex 0.724437
iteration 160 cindex 0.723640
iteration 170 cindex 0.723135
iteration 180 cindex 0.722688
iteration 190 cindex 0.722434
iteration 200 cindex 0.721972
iteration 210 cindex 0.721334
iteration 220 cindex 0.720757
iteration 230 cindex 0.720076
iteration 240 cindex 0.719532
iteration 250 cindex 0.719056
iteration 260 cindex 0.718623
iteration 270 cindex 0.718019
iteration 280 cindex 0.717402
iteration 290 cindex 0.716936
iteration 300 cindex 0.716363
iteration 310 cindex 0.715735
iteration 320 cindex 0.715125
iteration 330 cindex 0.714591
iteration 340 cindex 0.714070
iteration 350 cindex 0.713637
iteration 360 cindex 0.713247
iteration 370 cindex 0.712951
iteration 380 cindex 0.712630
iteration 390 cindex 0.712320
iteration 400 cindex 0.711946
iteration 410 cindex 0.711688
iteration 420 cindex 0.711425
iteration 430 cindex 0.711190
iteration 440 cindex 0.710945
iteration 450 cindex 0.710669
iteration 460 cindex 0.710340
iteration 470 cindex 0.710041
iteration 480 cindex 0.709625
iteration 490 cindex 0.709385
iteration 500 cindex 0.709035
iteration 510 cindex 0.708721
iteration 520 cindex 0.708407
iteration 530 cindex 0.708108
iteration 540 cindex 0.707799
iteration 550 cindex 0.707511
iteration 560 cindex 0.707336
iteration 570 cindex 0.707058
iteration 580 cindex 0.706862
iteration 590 cindex 0.706592
iteration 600 cindex 0.706343
iteration 610 cindex 0.706161
iteration 620 cindex 0.705975
iteration 630 cindex 0.705736
iteration 640 cindex 0.705564
iteration 650 cindex 0.705360
iteration 660 cindex 0.705212
iteration 670 cindex 0.705063
iteration 680 cindex 0.704893
iteration 690 cindex 0.704739
iteration 700 cindex 0.704604
iteration 710 cindex 0.704460
iteration 720 cindex 0.704307
iteration 730 cindex 0.704180
iteration 740 cindex 0.703977
iteration 750 cindex 0.703843
iteration 760 cindex 0.703708
iteration 770 cindex 0.703518
iteration 780 cindex 0.703381
iteration 790 cindex 0.703205
iteration 800 cindex 0.703012
iteration 810 cindex 0.702878
iteration 820 cindex 0.702709
iteration 830 cindex 0.702596
iteration 840 cindex 0.702451
iteration 850 cindex 0.702300
iteration 860 cindex 0.702089
iteration 870 cindex 0.701929
iteration 880 cindex 0.701817
iteration 890 cindex 0.701588
iteration 900 cindex 0.701397
iteration 910 cindex 0.701297
iteration 920 cindex 0.701129
iteration 930 cindex 0.700897
iteration 940 cindex 0.700772
iteration 950 cindex 0.700618
iteration 960 cindex 0.700529
iteration 970 cindex 0.700371
iteration 980 cindex 0.700265
iteration 990 cindex 0.700121
iteration 1000 cindex 0.699951
