iteration 10 cindex 0.663269
iteration 20 cindex 0.711649
iteration 30 cindex 0.723401
iteration 40 cindex 0.731723
iteration 50 cindex 0.736525
iteration 60 cindex 0.742051
iteration 70 cindex 0.745895
iteration 80 cindex 0.748916
iteration 90 cindex 0.752246
iteration 100 cindex 0.754948
iteration 110 cindex 0.757870
iteration 120 cindex 0.759562
iteration 130 cindex 0.761514
iteration 140 cindex 0.763529
iteration 150 cindex 0.765115
iteration 160 cindex 0.766211
iteration 170 cindex 0.767283
iteration 180 cindex 0.768554
iteration 190 cindex 0.769795
iteration 200 cindex 0.770929
iteration 210 cindex 0.772193
iteration 220 cindex 0.773187
iteration 230 cindex 0.774213
iteration 240 cindex 0.775022
iteration 250 cindex 0.775675
iteration 260 cindex 0.776379
iteration 270 cindex 0.776835
iteration 280 cindex 0.777696
iteration 290 cindex 0.778162
iteration 300 cindex 0.778763
iteration 310 cindex 0.779539
iteration 320 cindex 0.780013
iteration 330 cindex 0.780932
iteration 340 cindex 0.781495
iteration 350 cindex 0.781950
iteration 360 cindex 0.782539
iteration 370 cindex 0.783041
iteration 380 cindex 0.783477
iteration 390 cindex 0.783882
iteration 400 cindex 0.784308
iteration 410 cindex 0.784765
iteration 420 cindex 0.785084
iteration 430 cindex 0.785388
iteration 440 cindex 0.785864
iteration 450 cindex 0.786244
iteration 460 cindex 0.786477
iteration 470 cindex 0.786903
iteration 480 cindex 0.787255
iteration 490 cindex 0.787576
iteration 500 cindex 0.787963
iteration 510 cindex 0.788213
iteration 520 cindex 0.788503
iteration 530 cindex 0.788884
iteration 540 cindex 0.789157
iteration 550 cindex 0.789457
iteration 560 cindex 0.789799
iteration 570 cindex 0.790070
iteration 580 cindex 0.790305
iteration 590 cindex 0.790562
iteration 600 cindex 0.790768
iteration 610 cindex 0.790995
iteration 620 cindex 0.791228
iteration 630 cindex 0.791398
iteration 640 cindex 0.791631
iteration 650 cindex 0.791762
iteration 660 cindex 0.791995
iteration 670 cindex 0.792214
iteration 680 cindex 0.792352
iteration 690 cindex 0.792546
iteration 700 cindex 0.792718
iteration 710 cindex 0.792898
iteration 720 cindex 0.793073
iteration 730 cindex 0.793210
iteration 740 cindex 0.793375
iteration 750 cindex 0.793516
iteration 760 cindex 0.793625
iteration 770 cindex 0.793804
iteration 780 cindex 0.793949
iteration 790 cindex 0.794091
iteration 800 cindex 0.794209
iteration 810 cindex 0.794301
iteration 820 cindex 0.794446
iteration 830 cindex 0.794525
iteration 840 cindex 0.794616
iteration 850 cindex 0.794711
iteration 860 cindex 0.794802
iteration 870 cindex 0.794900
iteration 880 cindex 0.795020
iteration 890 cindex 0.795096
iteration 900 cindex 0.795205
iteration 910 cindex 0.795314
iteration 920 cindex 0.795385
iteration 930 cindex 0.795489
iteration 940 cindex 0.795559
iteration 950 cindex 0.795663
iteration 960 cindex 0.795753
iteration 970 cindex 0.795841
iteration 980 cindex 0.795920
iteration 990 cindex 0.796021
iteration 1000 cindex 0.796096
