iteration 10 cindex 0.661958
iteration 20 cindex 0.706837
iteration 30 cindex 0.713310
iteration 40 cindex 0.717332
iteration 50 cindex 0.720886
iteration 60 cindex 0.722505
iteration 70 cindex 0.721891
iteration 80 cindex 0.721762
iteration 90 cindex 0.722533
iteration 100 cindex 0.723502
iteration 110 cindex 0.724452
iteration 120 cindex 0.724771
iteration 130 cindex 0.724890
iteration 140 cindex 0.725009
iteration 150 cindex 0.724640
iteration 160 cindex 0.723846
iteration 170 cindex 0.723164
iteration 180 cindex 0.722755
iteration 190 cindex 0.722493
iteration 200 cindex 0.722142
iteration 210 cindex 0.721541
iteration 220 cindex 0.720813
iteration 230 cindex 0.720255
iteration 240 cindex 0.719690
iteration 250 cindex 0.719220
iteration 260 cindex 0.718829
iteration 270 cindex 0.718179
iteration 280 cindex 0.717675
iteration 290 cindex 0.717088
iteration 300 cindex 0.716457
iteration 310 cindex 0.716042
iteration 320 cindex 0.715265
iteration 330 cindex 0.714817
iteration 340 cindex 0.714317
iteration 350 cindex 0.713847
iteration 360 cindex 0.713423
iteration 370 cindex 0.713106
iteration 380 cindex 0.712761
iteration 390 cindex 0.712434
iteration 400 cindex 0.712100
iteration 410 cindex 0.711843
iteration 420 cindex 0.711545
iteration 430 cindex 0.711243
iteration 440 cindex 0.711032
iteration 450 cindex 0.710817
iteration 460 cindex 0.710485
iteration 470 cindex 0.710180
iteration 480 cindex 0.709814
iteration 490 cindex 0.709514
iteration 500 cindex 0.709171
iteration 510 cindex 0.708748
iteration 520 cindex 0.708530
iteration 530 cindex 0.708212
iteration 540 cindex 0.707892
iteration 550 cindex 0.707708
iteration 560 cindex 0.707438
iteration 570 cindex 0.707191
iteration 580 cindex 0.706938
iteration 590 cindex 0.706707
iteration 600 cindex 0.706450
iteration 610 cindex 0.706216
iteration 620 cindex 0.706048
iteration 630 cindex 0.705809
iteration 640 cindex 0.705665
iteration 650 cindex 0.705490
iteration 660 cindex 0.705266
iteration 670 cindex 0.705128
iteration 680 cindex 0.704968
iteration 690 cindex 0.704829
iteration 700 cindex 0.704669
iteration 710 cindex 0.704535
iteration 720 cindex 0.704387
iteration 730 cindex 0.704190
iteration 740 cindex 0.704005
iteration 750 cindex 0.703847
iteration 760 cindex 0.703739
iteration 770 cindex 0.703558
iteration 780 cindex 0.703386
iteration 790 cindex 0.703252
iteration 800 cindex 0.703108
iteration 810 cindex 0.702903
iteration 820 cindex 0.702765
iteration 830 cindex 0.702604
iteration 840 cindex 0.702469
iteration 850 cindex 0.702350
iteration 860 cindex 0.702167
iteration 870 cindex 0.701951
iteration 880 cindex 0.701781
iteration 890 cindex 0.701670
iteration 900 cindex 0.701517
iteration 910 cindex 0.701332
iteration 920 cindex 0.701162
iteration 930 cindex 0.700978
iteration 940 cindex 0.700825
iteration 950 cindex 0.700703
iteration 960 cindex 0.700573
iteration 970 cindex 0.700420
iteration 980 cindex 0.700300
iteration 990 cindex 0.700154
iteration 1000 cindex 0.700065
