iteration 10 cindex 0.593853
iteration 20 cindex 0.617019
iteration 30 cindex 0.617731
iteration 40 cindex 0.613917
iteration 50 cindex 0.611996
iteration 60 cindex 0.607733
iteration 70 cindex 0.606607
iteration 80 cindex 0.606964
iteration 90 cindex 0.608529
iteration 100 cindex 0.610105
iteration 110 cindex 0.610333
iteration 120 cindex 0.610189
iteration 130 cindex 0.609194
iteration 140 cindex 0.608503
iteration 150 cindex 0.608736
iteration 160 cindex 0.609599
iteration 170 cindex 0.610378
iteration 180 cindex 0.611034
iteration 190 cindex 0.611145
iteration 200 cindex 0.610896
iteration 210 cindex 0.610558
iteration 220 cindex 0.610450
iteration 230 cindex 0.610506
iteration 240 cindex 0.610654
iteration 250 cindex 0.611199
iteration 260 cindex 0.611325
iteration 270 cindex 0.611274
iteration 280 cindex 0.611280
iteration 290 cindex 0.611414
iteration 300 cindex 0.611622
iteration 310 cindex 0.611768
iteration 320 cindex 0.612021
iteration 330 cindex 0.612064
iteration 340 cindex 0.612003
iteration 350 cindex 0.612003
iteration 360 cindex 0.611893
iteration 370 cindex 0.611777
iteration 380 cindex 0.611682
iteration 390 cindex 0.611499
iteration 400 cindex 0.611408
iteration 410 cindex 0.611271
iteration 420 cindex 0.611089
iteration 430 cindex 0.611000
iteration 440 cindex 0.610876
iteration 450 cindex 0.610804
iteration 460 cindex 0.610717
iteration 470 cindex 0.610668
iteration 480 cindex 0.610627
iteration 490 cindex 0.610565
iteration 500 cindex 0.610413
iteration 510 cindex 0.610250
iteration 520 cindex 0.610163
iteration 530 cindex 0.610087
iteration 540 cindex 0.609982
iteration 550 cindex 0.609893
iteration 560 cindex 0.609822
iteration 570 cindex 0.609755
iteration 580 cindex 0.609656
iteration 590 cindex 0.609555
iteration 600 cindex 0.609480
iteration 610 cindex 0.609375
iteration 620 cindex 0.609312
iteration 630 cindex 0.609225
iteration 640 cindex 0.609144
iteration 650 cindex 0.608971
iteration 660 cindex 0.608851
iteration 670 cindex 0.608780
iteration 680 cindex 0.608694
iteration 690 cindex 0.608648
iteration 700 cindex 0.608624
iteration 710 cindex 0.608544
iteration 720 cindex 0.608499
iteration 730 cindex 0.608437
iteration 740 cindex 0.608342
iteration 750 cindex 0.608211
iteration 760 cindex 0.608114
iteration 770 cindex 0.608014
iteration 780 cindex 0.607899
iteration 790 cindex 0.607814
iteration 800 cindex 0.607718
iteration 810 cindex 0.607660
iteration 820 cindex 0.607621
iteration 830 cindex 0.607547
iteration 840 cindex 0.607434
iteration 850 cindex 0.607325
iteration 860 cindex 0.607187
iteration 870 cindex 0.607089
iteration 880 cindex 0.607000
iteration 890 cindex 0.606932
iteration 900 cindex 0.606840
iteration 910 cindex 0.606729
iteration 920 cindex 0.606597
iteration 930 cindex 0.606499
iteration 940 cindex 0.606428
iteration 950 cindex 0.606392
iteration 960 cindex 0.606309
iteration 970 cindex 0.606156
iteration 980 cindex 0.606022
iteration 990 cindex 0.605862
iteration 1000 cindex 0.605803
