iteration 10 cindex 0.608983
iteration 20 cindex 0.610994
iteration 30 cindex 0.611172
iteration 40 cindex 0.608488
iteration 50 cindex 0.605859
iteration 60 cindex 0.602215
iteration 70 cindex 0.600122
iteration 80 cindex 0.600734
iteration 90 cindex 0.602477
iteration 100 cindex 0.605751
iteration 110 cindex 0.608898
iteration 120 cindex 0.610367
iteration 130 cindex 0.610609
iteration 140 cindex 0.609669
iteration 150 cindex 0.608698
iteration 160 cindex 0.607995
iteration 170 cindex 0.608126
iteration 180 cindex 0.608752
iteration 190 cindex 0.609594
iteration 200 cindex 0.610229
iteration 210 cindex 0.610807
iteration 220 cindex 0.611119
iteration 230 cindex 0.611249
iteration 240 cindex 0.611444
iteration 250 cindex 0.612123
iteration 260 cindex 0.612627
iteration 270 cindex 0.613632
iteration 280 cindex 0.614712
iteration 290 cindex 0.615403
iteration 300 cindex 0.615942
iteration 310 cindex 0.616248
iteration 320 cindex 0.616590
iteration 330 cindex 0.616789
iteration 340 cindex 0.617239
iteration 350 cindex 0.617785
iteration 360 cindex 0.618310
iteration 370 cindex 0.618666
iteration 380 cindex 0.618812
iteration 390 cindex 0.618748
iteration 400 cindex 0.618785
iteration 410 cindex 0.618773
iteration 420 cindex 0.618913
iteration 430 cindex 0.619156
iteration 440 cindex 0.619458
iteration 450 cindex 0.619847
iteration 460 cindex 0.620143
iteration 470 cindex 0.620308
iteration 480 cindex 0.620430
iteration 490 cindex 0.620664
iteration 500 cindex 0.621065
iteration 510 cindex 0.621354
iteration 520 cindex 0.621889
iteration 530 cindex 0.622320
iteration 540 cindex 0.622623
iteration 550 cindex 0.623032
iteration 560 cindex 0.623328
iteration 570 cindex 0.623535
iteration 580 cindex 0.623727
iteration 590 cindex 0.623989
iteration 600 cindex 0.624302
iteration 610 cindex 0.624554
iteration 620 cindex 0.624809
iteration 630 cindex 0.624984
iteration 640 cindex 0.625122
iteration 650 cindex 0.625272
iteration 660 cindex 0.625394
iteration 670 cindex 0.625607
iteration 680 cindex 0.625824
iteration 690 cindex 0.626180
iteration 700 cindex 0.626362
iteration 710 cindex 0.626692
iteration 720 cindex 0.627064
iteration 730 cindex 0.627259
iteration 740 cindex 0.627514
iteration 750 cindex 0.627848
iteration 760 cindex 0.628185
iteration 770 cindex 0.628377
iteration 780 cindex 0.628581
iteration 790 cindex 0.628831
iteration 800 cindex 0.628954
iteration 810 cindex 0.629140
iteration 820 cindex 0.629274
iteration 830 cindex 0.629441
iteration 840 cindex 0.629645
iteration 850 cindex 0.629729
iteration 860 cindex 0.629801
iteration 870 cindex 0.629992
iteration 880 cindex 0.630097
iteration 890 cindex 0.630285
iteration 900 cindex 0.630523
iteration 910 cindex 0.630679
iteration 920 cindex 0.630889
iteration 930 cindex 0.631041
iteration 940 cindex 0.631347
iteration 950 cindex 0.631545
iteration 960 cindex 0.631827
iteration 970 cindex 0.632046
iteration 980 cindex 0.632301
iteration 990 cindex 0.632556
iteration 1000 cindex 0.632638
