A-coefficients [ -3.21848518e+03  -7.18325391e+03   1.68292997e+03   1.88635418e+03
  -1.50372867e+04   2.11766278e+03  -5.47728475e+03  -6.03145381e+03
   2.11777586e+03  -7.94765717e+03  -5.22478904e+03   4.24563161e+03
   5.98455530e+03   7.26288768e+02  -2.89504333e+03   8.16153777e+03
   2.50715715e+03   1.09771576e+04   5.97832154e+03   1.14081891e+04
  -5.19149505e+03  -1.68006796e+02  -7.70424578e+02  -4.19819315e+02
  -1.56432037e+03  -1.46401058e+04  -1.47514750e+02  -6.50687349e+02
   1.29133974e+04  -5.33236403e+03  -3.50568691e+02   1.04280207e+04
   4.77455649e+02  -1.31758226e+04   2.03105963e+03   5.74486314e+03
  -4.45479845e+03   1.50911614e+04  -9.65225108e+03   8.15386522e+03
  -1.82814924e+03  -1.25716629e+04   3.72501352e+03   8.43071122e+03
  -2.92310407e+03  -2.35741375e+03   9.72316441e+03  -1.63538885e+04
  -2.80020260e+02   1.50297091e+02   2.21755472e+04  -1.00940447e+04
   4.40720525e+03   6.74705023e+03   1.57143628e+02  -2.70105781e+02
  -1.08095754e+04  -9.07256068e+03   8.66260167e+02   1.42571785e+04
  -1.05396832e+04  -4.55407520e+03  -1.89895434e+04   3.96783729e+03
   2.26347527e+03  -9.34782740e+03  -8.33040507e+03  -1.16722904e+03
  -4.06921874e+03  -1.11025086e+04  -3.67606545e+03   1.10582543e+04
   4.94145417e+02  -3.69447349e+03  -1.18339408e+03  -1.81421574e+03
   3.80781736e+04  -8.11065496e+03  -2.61031541e+04   1.17120682e+04
  -7.90548592e+03  -6.70312860e+03   3.08047608e+03   5.57060820e+02
   4.96089774e+03  -2.91608141e+03  -4.96452341e+03  -1.83163235e+03
  -5.85196933e+03   8.57200871e+02   5.48548444e+03   4.05906956e+03
  -1.03997054e+03   3.32149429e+03   1.84037796e+03  -3.83738852e+03
   4.66957152e+02  -5.30059936e+03   3.28132605e+03  -2.84824884e+03
  -3.62889939e+02   4.71469241e+03   2.25481777e+03   4.22668727e+03
   6.42860403e+03  -4.08451775e+03   2.18682124e+03  -8.91089093e+03
  -1.53658553e+03  -5.04682609e+03  -1.56882697e+03  -5.96755083e+03
   7.16668950e+02   3.11510935e+02  -3.33709709e+03   5.43541284e+03
  -6.77942022e+03   2.10605968e+02   1.66298111e+03   7.79417782e+03
  -1.39530503e+02   6.99465154e+03  -3.50757979e+03  -1.33938503e+02
   5.10700279e+02  -4.02934286e+03   1.16451922e+03   1.13987374e+04
   1.68288777e+04   8.95623678e+02  -1.39569596e+03  -3.12021736e+03
   3.80562429e+03   2.48401788e+03   2.46098834e+03   4.34997296e+03
  -6.88494036e+03  -4.23278092e+02   1.04971143e+03  -7.32519733e+01
   2.30193178e+03   4.16231543e+03   6.80232682e+03  -9.60062002e+03
  -1.30777778e+04   6.23700531e+03  -1.56085185e+03   2.24310939e+04
  -4.99962325e+03   7.39406234e+02  -8.45503311e+03   2.39773753e+03
   6.59558093e+03  -1.17229203e+03   2.75558500e+03   1.84164765e+02
  -1.81711063e+04  -6.93611087e+03   4.28305749e+03  -1.22503166e+04
   1.82647220e+04  -3.54672042e+04  -7.15054506e+02  -1.67638527e+04
   1.28315969e+03  -1.18110110e+03  -2.17810499e+03   8.89420746e+03
   3.86094711e+03   1.52533324e+03  -7.64662467e+03   1.43940242e+04
   6.85966088e+02  -3.59038988e+03  -2.16623124e+03  -7.33610171e+02
   2.01618287e+03  -3.43962120e+03   2.05688862e+04   6.40283530e+00
  -6.91568621e+03  -5.28574938e+03   9.57276294e+03   3.05178380e+03
   8.48751907e+03   1.74009471e+01  -2.36965980e+03  -1.08677190e+03
   1.94974046e+02   2.69794586e+03  -3.87858824e+03   5.41986795e+03
   4.96552017e+02  -1.69013789e+04  -1.39530891e+04   5.76851547e+03
   1.54474439e+04  -4.58658613e+03   1.28805307e+04   5.63442166e+04
   7.13409923e+03   1.07210419e+04   2.37307098e+03   7.05856550e+02
   2.27313687e+03   2.68410344e+03  -6.85249880e+03  -3.62251976e+03
  -8.07693905e+03  -2.73202012e+03  -1.47581808e+03  -2.09220456e+03
  -2.27206732e+03  -1.98714655e+03   1.05686459e+03  -2.17582290e+03
   2.85612718e+02   2.70191491e+03  -5.73578783e+03  -3.30621877e+03
  -2.35265161e+03   8.39953931e+03  -2.19487391e+03   3.02291581e+03
   1.32266314e+03   4.97991783e+03  -8.66046811e+03  -6.45146380e+03
   2.59967511e+03   6.35966247e+03   1.53722352e+03   8.50561416e+02
  -5.20179707e+03  -5.78315087e+03  -1.19178606e+04  -1.60309428e+03
   5.09204057e+03   3.91003925e+03  -2.19660056e+02   3.53319812e+03
  -6.88274513e+03  -2.33740088e+03   7.13366622e+02   7.08262004e+03
  -8.83582256e+02   2.55027331e+03   2.27309011e+03   4.17114726e+03
  -4.73291765e+03  -1.11451224e+04]
number of coefficients 250
